[2019-03-05 15:21:10,986] - Logger.py] - INFO: ---test_login_01_default----
[2019-03-05 17:01:07,926] - Logger.py] - INFO: ---测试开始----
[2019-03-05 17:01:07,928] - Logger.py] - WARNING: ----测试结束----
[2019-03-05 17:01:21,535] - Logger.py] - INFO: ---test_login_01_default----
[2019-03-05 17:02:12,759] - Logger.py] - INFO: test_login_01_default
[2019-03-05 17:05:29,579] - Logger.py] - INFO: {15428: <frame object at 0x0000000004E06200>}
[2019-03-05 17:05:29,585] - Logger.py] - INFO: test_login_01_default
[2019-03-05 17:07:02,160] - Logger.py] - INFO: TestLogin
[2019-03-05 17:07:02,164] - Logger.py] - INFO: test_login_01_default
[2019-03-05 17:17:34,642] - Logger.py] - INFO: Test_login_page_odoo12
[2019-03-05 17:17:34,651] - Logger.py] - INFO: test_login_01_default
[2019-03-05 17:18:13,239] - Logger.py] - INFO: Test_login_page_odoo12
[2019-03-05 17:18:13,243] - Logger.py] - INFO: test_login_01_default
[2019-03-05 17:44:41,315] - Logger.py] - INFO: Test_login_page_odoo12
[2019-03-05 17:44:41,319] - Logger.py] - INFO: test_login_01_default
[2019-03-05 17:49:32,628] - Logger.py] - INFO: Test_login_page_odoo12
[2019-03-05 17:49:32,634] - Logger.py] - INFO: test_login_01_default
[2019-03-05 18:24:13,066] - Logger.py] - INFO: Test_login_page_odoo12
[2019-03-05 18:24:13,071] - Logger.py] - INFO: test_login_01_default
[2019-03-05 18:28:18,002] - Logger.py] - INFO: Test_login_page_odoo12
[2019-03-05 18:28:18,013] - Logger.py] - INFO: test_login_01_default
[2019-03-05 18:30:04,878] - Logger.py] - INFO: Test_login_page_odoo12
[2019-03-05 18:30:04,881] - Logger.py] - INFO: test_login_01_default
[2019-03-05 18:57:41,421] - Logger.py] - INFO: Test_login_page_odoo12
[2019-03-05 18:57:41,427] - Logger.py] - INFO: test_login_01_default
[2019-03-05 18:59:28,987] - Logger.py] - INFO: Test_login_page_odoo12
[2019-03-05 18:59:28,993] - Logger.py] - INFO: test_login_01_default
[2019-03-05 19:01:25,250] - Logger.py] - INFO: Test_login_page_odoo12
[2019-03-05 19:01:25,256] - Logger.py] - INFO: test_login_01_default
[2019-03-05 19:02:56,888] - Logger.py] - INFO: Test_login_page_odoo12
[2019-03-05 19:02:56,891] - Logger.py] - INFO: test_login_01_default
[2019-03-05 19:04:35,611] - Logger.py] - INFO: Test_login_page_odoo12
[2019-03-05 19:04:35,621] - Logger.py] - INFO: test_login_01_default
[2019-03-05 19:05:02,910] - Logger.py] - INFO: Test_login_page_odoo12
[2019-03-05 19:05:02,914] - Logger.py] - INFO: test_login_01_default
[2019-03-05 19:05:28,104] - Logger.py] - INFO: Test_login_page_odoo12
[2019-03-05 19:05:28,108] - Logger.py] - INFO: test_login_01_default
[2019-03-05 19:05:38,168] - Logger.py] - INFO: Test_login_page_odoo12
[2019-03-05 19:05:38,174] - Logger.py] - INFO: test_login_01_default
[2019-03-05 19:06:25,086] - Logger.py] - INFO: Test_login_page_odoo12
[2019-03-05 19:06:25,092] - Logger.py] - INFO: test_login_01_default
[2019-03-05 19:10:20,984] - Logger.py] - INFO: Test_login_page_odoo12
[2019-03-05 19:10:21,000] - Logger.py] - INFO: test_login_01_default
[2019-03-05 19:14:49,023] - Logger.py] - INFO: Test_login_page_odoo12
[2019-03-05 19:14:49,028] - Logger.py] - INFO: test_login_01_default
[2019-03-05 19:16:32,392] - Logger.py] - INFO: Test_login_page_odoo12
[2019-03-05 19:16:32,400] - Logger.py] - INFO: test_login_01_default
[2019-03-05 19:17:01,026] - Logger.py] - INFO: Test_login_page_odoo12
[2019-03-05 19:17:01,030] - Logger.py] - INFO: test_login_01_default
[2019-03-05 19:21:29,448] - Logger.py] - INFO: Test_login_page_odoo12
[2019-03-05 19:21:29,454] - Logger.py] - INFO: test_login_01_default
[2019-03-05 19:21:53,746] - Logger.py] - INFO: Test_login_page_odoo12
[2019-03-05 19:21:53,750] - Logger.py] - INFO: test_login_01_default
[2019-03-05 19:22:30,009] - Logger.py] - INFO: Test_login_page_odoo12
[2019-03-05 19:22:30,016] - Logger.py] - INFO: test_login_01_default
[2019-03-05 19:23:37,023] - Logger.py] - INFO: Test_login_page_odoo12
[2019-03-05 19:23:37,028] - Logger.py] - INFO: test_login_01_default
[2019-03-05 19:25:37,961] - Logger.py] - INFO: Test_login_page_odoo12
[2019-03-05 19:25:37,967] - Logger.py] - INFO: test_login_01_default
[2019-03-05 19:28:45,387] - Logger.py] - INFO: Test_login_page_odoo12
[2019-03-05 19:28:45,391] - Logger.py] - INFO: test_login_01_default
[2019-03-05 19:30:31,598] - Logger.py] - INFO: Test_login_page_odoo12
[2019-03-05 19:30:31,604] - Logger.py] - INFO: test_login_01_default
[2019-03-05 19:34:22,934] - Logger.py] - INFO: Test_login_page_odoo12
[2019-03-05 19:34:22,938] - Logger.py] - INFO: test_login_01_default
[2019-03-05 19:36:31,487] - Logger.py] - INFO: Test_login_page_odoo12
[2019-03-05 19:36:31,493] - Logger.py] - INFO: test_login_01_default
[2019-03-05 19:37:52,247] - Logger.py] - INFO: Test_login_page_odoo12
[2019-03-05 19:37:52,253] - Logger.py] - INFO: test_login_01_default
[2019-03-05 19:50:49,302] - Logger.py] - INFO: Test_login_page_odoo12
[2019-03-05 19:50:49,308] - Logger.py] - INFO: test_login_01_default
[2019-03-05 19:51:10,048] - Logger.py] - INFO: Test_login_page_odoo12
[2019-03-05 19:51:10,062] - Logger.py] - INFO: test_login_01_default
[2019-03-05 19:51:45,253] - Logger.py] - INFO: Test_login_page_odoo12
[2019-03-05 19:51:45,256] - Logger.py] - INFO: test_login_01_default
[2019-03-05 20:01:03,032] - Logger.py] - INFO: Test_login_page_odoo12
[2019-03-05 20:01:03,036] - Logger.py] - INFO: test_login_01_default
