[2019-03-06 10:05:52,377] - Logger.py] - INFO: Test_login_page_odoo12
[2019-03-06 10:05:52,381] - Logger.py] - INFO: test_login_01_default
[2019-03-06 10:51:59,621] - Logger.py] - INFO: Test_login_page_odoo12
[2019-03-06 10:51:59,627] - Logger.py] - INFO: test_login_01_default
[2019-03-06 10:59:07,934] - Logger.py] - INFO: Test_login_page_odoo12
[2019-03-06 10:59:07,938] - Logger.py] - INFO: test_login_01_default
[2019-03-06 11:04:35,582] - Logger.py] - INFO: Test_login_page_odoo12
[2019-03-06 11:04:35,588] - Logger.py] - INFO: test_login_01_default
[2019-03-06 11:05:46,806] - Logger.py] - INFO: Test_login_page_odoo12
[2019-03-06 11:05:46,813] - Logger.py] - INFO: test_login_01_default
[2019-03-06 11:15:05,427] - Logger.py] - INFO: Test_login_page_odoo12
[2019-03-06 11:15:05,437] - Logger.py] - INFO: test_login_01_default
[2019-03-06 11:15:11,661] - Logger.py] - INFO: ---test_login_02_customer----
[2019-03-06 11:18:02,157] - Logger.py] - INFO: Test_login_page_odoo12
[2019-03-06 11:18:02,164] - Logger.py] - INFO: test_login_01_default
[2019-03-06 11:18:12,434] - Logger.py] - INFO: ---test_login_02_customer----
[2019-03-06 11:19:41,947] - Logger.py] - INFO: Test_login_page_odoo12
[2019-03-06 11:19:41,951] - Logger.py] - INFO: test_login_01_default
[2019-03-06 11:19:52,207] - Logger.py] - INFO: ---test_login_02_customer----
[2019-03-06 14:22:43,421] - Logger.py] - INFO: Test_login_page_odoo12
[2019-03-06 14:22:43,426] - Logger.py] - INFO: test_login_01_default
[2019-03-06 14:32:28,592] - Logger.py] - INFO: Test_login_page_odoo12
[2019-03-06 14:32:28,599] - Logger.py] - INFO: test_login_01_default
[2019-03-06 14:44:31,936] - Logger.py] - INFO: function
[2019-03-06 14:44:31,940] - Logger.py] - INFO: wrapper
[2019-03-06 14:46:25,288] - Logger.py] - INFO: function
[2019-03-06 14:46:25,292] - Logger.py] - INFO: wrapper
[2019-03-06 14:46:33,706] - Logger.py] - INFO: function
[2019-03-06 14:46:33,711] - Logger.py] - INFO: wrapper
[2019-03-06 15:05:04,835] - Logger.py] - INFO: alam
[2019-03-06 15:06:57,523] - Logger.py] - INFO: alam
[2019-03-06 15:14:34,319] - Logger.py] - INFO: function
[2019-03-06 15:14:34,328] - Logger.py] - INFO: wrapper
[2019-03-06 15:23:25,367] - Logger.py] - INFO: function
[2019-03-06 15:23:25,374] - Logger.py] - INFO: wrapper
[2019-03-06 15:23:45,808] - Logger.py] - INFO: function
[2019-03-06 15:25:45,558] - Logger.py] - INFO: function
[2019-03-06 15:27:11,559] - Logger.py] - INFO: alam
[2019-03-06 15:27:25,161] - Logger.py] - INFO: test_login_01_default
[2019-03-06 15:37:02,263] - Logger.py] - INFO: test_login_01_default
